<?xml version="1.0" encoding="UTF-8"?>
<!-- Generated by org.testng.reporters.JUnitReportReporter -->
<testsuite skipped="0" hostname="LAPTOP-A11EL1IC" name="TestNGExamples.carLoan" tests="3" failures="0" timestamp="2020-04-01T23:16:19 IST" time="0.011" errors="0">
  <testcase name="carloanTest3" time="0.006" classname="TestNGExamples.carLoan"/>
  <testcase name="carloanTest1" time="0.003" classname="TestNGExamples.carLoan"/>
  <testcase name="carloanTest2" time="0.002" classname="TestNGExamples.carLoan"/>
</testsuite> <!-- TestNGExamples.carLoan -->
