<?xml version="1.0" encoding="UTF-8"?>
<!-- Generated by org.testng.reporters.JUnitReportReporter -->
<testsuite skipped="0" hostname="LAPTOP-A11EL1IC" name="TestNGExamples.exa" tests="1" failures="0" timestamp="01 Apr 2020 12:32:31 GMT" time="0.020" errors="0">
  <testcase name="f" time="0.020" classname="TestNGExamples.exa"/>
</testsuite> <!-- TestNGExamples.exa -->
