<?xml version="1.0" encoding="UTF-8"?>
<!-- Generated by org.testng.reporters.JUnitReportReporter -->
<testsuite skipped="0" hostname="LAPTOP-A11EL1IC" name="TestNGExamples.homeLoan" tests="3" failures="0" timestamp="2020-04-01T23:16:19 IST" time="0.004" errors="0">
  <testcase name="homeloanTest1" time="0.002" classname="TestNGExamples.homeLoan"/>
  <testcase name="homeloanTest2" time="0.001" classname="TestNGExamples.homeLoan"/>
  <testcase name="homeloanTest3" time="0.001" classname="TestNGExamples.homeLoan"/>
</testsuite> <!-- TestNGExamples.homeLoan -->
