<?xml version="1.0" encoding="UTF-8"?>
<!-- Generated by org.testng.reporters.JUnitReportReporter -->
<testsuite skipped="0" hostname="LAPTOP-A11EL1IC" name="TestNGExamples.eduLoan" tests="3" failures="0" timestamp="2020-04-01T23:16:19 IST" time="0.011" errors="0">
  <testcase name="eduloanTest1" time="0.007" classname="TestNGExamples.eduLoan"/>
  <testcase name="eduloanTest2" time="0.002" classname="TestNGExamples.eduLoan"/>
  <testcase name="eduloanTest3" time="0.002" classname="TestNGExamples.eduLoan"/>
</testsuite> <!-- TestNGExamples.eduLoan -->
